[14:29:50] [main/INFO]: Environment: authHost='https://authserver.mojang.com', accountsHost='https://api.mojang.com', sessionHost='https://sessionserver.mojang.com', servicesHost='https://api.minecraftservices.com', name='PROD'
[14:29:52] [main/WARN]: Ambiguity between arguments [teleport, destination] and [teleport, targets] with inputs: [Player, 0123, @e, dd12be42-52a9-4a91-a8a1-11c01849e498]
[14:29:52] [main/WARN]: Ambiguity between arguments [teleport, location] and [teleport, destination] with inputs: [0.1 -0.5 .9, 0 0 0]
[14:29:52] [main/WARN]: Ambiguity between arguments [teleport, location] and [teleport, targets] with inputs: [0.1 -0.5 .9, 0 0 0]
[14:29:52] [main/WARN]: Ambiguity between arguments [teleport, targets] and [teleport, destination] with inputs: [Player, 0123, dd12be42-52a9-4a91-a8a1-11c01849e498]
[14:29:52] [main/WARN]: Ambiguity between arguments [teleport, targets, location] and [teleport, targets, destination] with inputs: [0.1 -0.5 .9, 0 0 0]
[14:29:52] [main/INFO]: Reloading ResourceManager: Default
[14:29:53] [Worker-Main-9/INFO]: Loaded 7 recipes
[14:29:53] [Worker-Main-9/INFO]: Loaded 927 advancements
[14:29:55] [Server thread/INFO]: Starting minecraft server version 1.16.5
[14:29:55] [Server thread/INFO]: Loading properties
[14:29:55] [Server thread/INFO]: Default game type: SURVIVAL
[14:29:55] [Server thread/INFO]: Generating keypair
[14:29:56] [Server thread/INFO]: Starting Minecraft server on *:25565
[14:29:56] [Server thread/INFO]: Using default channel type
[14:30:05] [Server thread/INFO]: Preparing level "world"
[14:30:05] [Server thread/INFO]: Preparing start region for dimension minecraft:overworld
[14:30:06] [Server thread/INFO]: Preparing spawn area: 0%
[14:30:06] [Server thread/INFO]: Preparing spawn area: 0%
[14:30:06] [Server thread/INFO]: Preparing spawn area: 0%
[14:30:06] [Server thread/INFO]: Preparing spawn area: 0%
[14:30:07] [Server thread/INFO]: Time elapsed: 1957 ms
[14:30:07] [Server thread/INFO]: Done (2.095s)! For help, type "help"
[14:33:52] [User Authenticator #1/INFO]: UUID of player happy411509 is 0954ed57-070f-4e3e-840a-7c9204d33e14
[14:34:15] [Server thread/INFO]: com.mojang.authlib.GameProfile@3a359[id=0954ed57-070f-4e3e-840a-7c9204d33e14,name=happy411509,properties={textures=[com.mojang.authlib.properties.Property@3fd15955]},legacy=false] (/127.0.0.1:1748) lost connection: Disconnected
[14:34:19] [Server thread/WARN]: Can't keep up! Is the server overloaded? Running 3733ms or 74 ticks behind
[14:34:19] [Server thread/INFO]: Unknown or incomplete command, see below for error
[14:34:20] [Server thread/INFO]: <--[HERE]
[14:34:20] [Server thread/INFO]: Unknown or incomplete command, see below for error
[14:34:20] [Server thread/INFO]: <--[HERE]
[14:34:20] [Server thread/INFO]: Unknown or incomplete command, see below for error
[14:34:20] [Server thread/INFO]: <--[HERE]
[14:34:21] [Server thread/INFO]: Unknown or incomplete command, see below for error
[14:34:21] [Server thread/INFO]: <--[HERE]
